Using pre-set license
Built from '2020.3/staging' branch; Version is '2020.3.18f1 (a7d1c678663c) revision 10998214'; Using compiler version '192528614'; Build Type 'Release'
OS: 'Windows 10 Home; OS build 22621.2715; Version 2009; 64bit' Language: 'en' Physical Memory: 15557 MB
BatchMode: 1, IsHumanControllingUs: 0, StartBugReporterOnCrash: 0, Is64bit: 1, IsPro: 0

COMMAND LINE ARGUMENTS:
C:\Program Files\Unity\Hub\Editor\2020.3.18f1\Editor\Unity.exe
-adb2
-batchMode
-noUpm
-name
AssetImportWorker0
-projectPath
C:/Users/keira/Documents/GitHub/city-of-roam/City of Roam (1)
-logFile
Logs/AssetImportWorker0.log
-srvPort
56622
Successfully changed project path to: C:/Users/keira/Documents/GitHub/city-of-roam/City of Roam (1)
C:/Users/keira/Documents/GitHub/city-of-roam/City of Roam (1)
Using Asset Import Pipeline V2.
Refreshing native plugins compatible for Editor in 65.60 ms, found 3 plugins.
Preloading 0 native plugins for Editor in 0.00 ms.
Initialize engine version: 2020.3.18f1 (a7d1c678663c)
[Subsystems] Discovering subsystems at path C:/Program Files/Unity/Hub/Editor/2020.3.18f1/Editor/Data/Resources/UnitySubsystems
[Subsystems] Discovering subsystems at path C:/Users/keira/Documents/GitHub/city-of-roam/City of Roam (1)/Assets
GfxDevice: creating device client; threaded=0
Direct3D:
    Version:  Direct3D 11.0 [level 11.1]
    Renderer: AMD Radeon RX 6800S (ID=0x73ef)
    Vendor:   
    VRAM:     8146 MB
    Driver:   31.0.12046.21003
Initialize mono
Mono path[0] = 'C:/Program Files/Unity/Hub/Editor/2020.3.18f1/Editor/Data/Managed'
Mono path[1] = 'C:/Program Files/Unity/Hub/Editor/2020.3.18f1/Editor/Data/MonoBleedingEdge/lib/mono/unityjit'
Mono config path = 'C:/Program Files/Unity/Hub/Editor/2020.3.18f1/Editor/Data/MonoBleedingEdge/etc'
Using monoOptions --debugger-agent=transport=dt_socket,embedding=1,server=y,suspend=n,address=127.0.0.1:56052
Begin MonoManager ReloadAssembly
Registering precompiled unity dll's ...
Register platform support module: C:/Program Files/Unity/Hub/Editor/2020.3.18f1/Editor/Data/PlaybackEngines/WindowsStandaloneSupport/UnityEditor.WindowsStandalone.Extensions.dll
Registered in 0.001911 seconds.
Native extension for WindowsStandalone target not found
Refreshing native plugins compatible for Editor in 62.82 ms, found 3 plugins.
Preloading 0 native plugins for Editor in 0.00 ms.
Mono: successfully reloaded assembly
- Completed reload, in  1.576 seconds
Domain Reload Profiling:
	ReloadAssembly (1576ms)
		BeginReloadAssembly (71ms)
			ExecutionOrderSort (0ms)
			DisableScriptedObjects (0ms)
			BackupInstance (0ms)
			ReleaseScriptingObjects (0ms)
			CreateAndSetChildDomain (1ms)
		EndReloadAssembly (560ms)
			LoadAssemblies (68ms)
			RebuildTransferFunctionScriptingTraits (0ms)
			SetupTypeCache (182ms)
			ReleaseScriptCaches (0ms)
			RebuildScriptCaches (44ms)
			SetupLoadedEditorAssemblies (236ms)
				LogAssemblyErrors (0ms)
				InitializePlatformSupportModulesInManaged (6ms)
				SetLoadedEditorAssemblies (0ms)
				RefreshPlugins (63ms)
				BeforeProcessingInitializeOnLoad (17ms)
				ProcessInitializeOnLoadAttributes (112ms)
				ProcessInitializeOnLoadMethodAttributes (38ms)
				AfterProcessingInitializeOnLoad (0ms)
				EditorAssembliesLoaded (0ms)
			ExecutionOrderSort2 (0ms)
			AwakeInstancesAfterBackupRestoration (0ms)
Platform modules already initialized, skipping
Registering precompiled user dll's ...
Registered in 0.007271 seconds.
Begin MonoManager ReloadAssembly
Native extension for WindowsStandalone target not found
Refreshing native plugins compatible for Editor in 0.78 ms, found 3 plugins.
Preloading 0 native plugins for Editor in 0.00 ms.
Mono: successfully reloaded assembly
- Completed reload, in  1.914 seconds
Domain Reload Profiling:
	ReloadAssembly (1915ms)
		BeginReloadAssembly (187ms)
			ExecutionOrderSort (0ms)
			DisableScriptedObjects (6ms)
			BackupInstance (0ms)
			ReleaseScriptingObjects (0ms)
			CreateAndSetChildDomain (24ms)
		EndReloadAssembly (1645ms)
			LoadAssemblies (119ms)
			RebuildTransferFunctionScriptingTraits (0ms)
			SetupTypeCache (424ms)
			ReleaseScriptCaches (1ms)
			RebuildScriptCaches (76ms)
			SetupLoadedEditorAssemblies (905ms)
				LogAssemblyErrors (0ms)
				InitializePlatformSupportModulesInManaged (6ms)
				SetLoadedEditorAssemblies (1ms)
				RefreshPlugins (1ms)
				BeforeProcessingInitializeOnLoad (138ms)
				ProcessInitializeOnLoadAttributes (729ms)
				ProcessInitializeOnLoadMethodAttributes (23ms)
				AfterProcessingInitializeOnLoad (8ms)
				EditorAssembliesLoaded (0ms)
			ExecutionOrderSort2 (0ms)
			AwakeInstancesAfterBackupRestoration (12ms)
Platform modules already initialized, skipping
========================================================================
Worker process is ready to serve import requests
Launched and connected shader compiler UnityShaderCompiler.exe after 0.08 seconds
Refreshing native plugins compatible for Editor in 1.71 ms, found 3 plugins.
Preloading 0 native plugins for Editor in 0.00 ms.
Unloading 2370 Unused Serialized files (Serialized files now loaded: 0)
System memory in use before: 110.3 MB.
System memory in use after: 110.5 MB.

Unloading 31 unused Assets to reduce memory usage. Loaded Objects now: 2799.
Total: 4.884200 ms (FindLiveObjects: 0.382800 ms CreateObjectMapping: 0.176800 ms MarkObjects: 4.217800 ms  DeleteObjects: 0.103700 ms)

AssetImportParameters requested are different than current active one (requested -> active):
  custom:framework-win-MediaFoundation: 216162199b28c13a410421893ffa2e32 -> 
  custom:video-decoder-ogg-theora: a1e56fd34408186e4bbccfd4996cb3dc -> 
  custom:container-muxer-webm: aa71ff27fc2769a1b78a27578f13a17b -> 
  custom:container-demuxer-webm: 4f35f7cbe854078d1ac9338744f61a02 -> 
  custom:container-demuxer-ogg: 62fdf1f143b41e24485cea50d1cbac27 -> 
  custom:video-encoder-webm-vp8: eb34c28f22e8b96e1ab97ce403110664 -> 
  custom:video-codec-MediaFoundation-h265: 746d11721c4dcdbdad8f713fa42b33f4 -> 
  custom:video-decoder-webm-vp8: 9c59270c3fd7afecdb556c50c9e8de78 -> 
  custom:audio-decoder-ogg-vorbis: bf7c407c2cedff20999df2af8eb42d56 -> 
  custom:audio-encoder-webm-vorbis: bf7c407c2cedff20999df2af8eb42d56 -> 
========================================================================
Received Import Request.
  path: Assets/Scripts
  artifactKey: Guid(617f920c10cb220409bb9a951b72dde2) Importer(815301076,1909f56bfc062723c751e8b465ee728b)
Start importing Assets/Scripts using Guid(617f920c10cb220409bb9a951b72dde2) Importer(815301076,1909f56bfc062723c751e8b465ee728b)  -> (artifact id: 'b55fce7affb369212298753d0b11e49c') in 0.007390 seconds 
  Import took 0.012201 seconds .

========================================================================
Received Import Request.
  Time since last request: 31.398090 seconds.
  path: Assets/Scripts/Testing.cs
  artifactKey: Guid(d638a96d88c2a7c47ac8c4c840800ff7) Importer(815301076,1909f56bfc062723c751e8b465ee728b)
Start importing Assets/Scripts/Testing.cs using Guid(d638a96d88c2a7c47ac8c4c840800ff7) Importer(815301076,1909f56bfc062723c751e8b465ee728b)  -> (artifact id: '3816fcf88debca771f6925d8cc9788ab') in 0.037296 seconds 
  Import took 0.044576 seconds .

========================================================================
Received Import Request.
  Time since last request: 38.217456 seconds.
  path: Assets/Scripts/Menu.cs
  artifactKey: Guid(d638a96d88c2a7c47ac8c4c840800ff7) Importer(815301076,1909f56bfc062723c751e8b465ee728b)
Start importing Assets/Scripts/Menu.cs using Guid(d638a96d88c2a7c47ac8c4c840800ff7) Importer(815301076,1909f56bfc062723c751e8b465ee728b)  -> (artifact id: '40cebafaf98f419fbe6d382820a73a77') in 0.005076 seconds 
  Import took 0.013026 seconds .

========================================================================
Received Import Request.
  Time since last request: 200.324269 seconds.
  path: Assets/Scripts/Menu.cs
  artifactKey: Guid(d638a96d88c2a7c47ac8c4c840800ff7) Importer(815301076,1909f56bfc062723c751e8b465ee728b)
Start importing Assets/Scripts/Menu.cs using Guid(d638a96d88c2a7c47ac8c4c840800ff7) Importer(815301076,1909f56bfc062723c751e8b465ee728b)  -> (artifact id: '6161eb8e5b2312b001ea6af3e805db90') in 0.003414 seconds 
  Import took 0.011608 seconds .

========================================================================
Received Import Request.
  Time since last request: 93.362387 seconds.
  path: Assets/Scripts/Menu.cs
  artifactKey: Guid(d638a96d88c2a7c47ac8c4c840800ff7) Importer(815301076,1909f56bfc062723c751e8b465ee728b)
Start importing Assets/Scripts/Menu.cs using Guid(d638a96d88c2a7c47ac8c4c840800ff7) Importer(815301076,1909f56bfc062723c751e8b465ee728b)  -> (artifact id: '0cb21eea6a90c21d30882f61c8149c96') in 0.003927 seconds 
  Import took 0.010636 seconds .

========================================================================
Received Import Request.
  Time since last request: 277.999024 seconds.
  path: Assets/Scripts/GAMESTATEEEEMANAGER.cs
  artifactKey: Guid(8117f7ee9ddefbc41a404e2a4e4ec2bf) Importer(815301076,1909f56bfc062723c751e8b465ee728b)
Start importing Assets/Scripts/GAMESTATEEEEMANAGER.cs using Guid(8117f7ee9ddefbc41a404e2a4e4ec2bf) Importer(815301076,1909f56bfc062723c751e8b465ee728b)  -> (artifact id: '3d792f8be4042030e5f94afb1fa80e78') in 0.004979 seconds 
  Import took 0.012228 seconds .

========================================================================
Received Import Request.
  Time since last request: 0.007267 seconds.
  path: Assets/Scripts/GAMESTATEEEEMANAGER.cs
  artifactKey: Guid(8117f7ee9ddefbc41a404e2a4e4ec2bf) Importer(815301076,1909f56bfc062723c751e8b465ee728b)
Start importing Assets/Scripts/GAMESTATEEEEMANAGER.cs using Guid(8117f7ee9ddefbc41a404e2a4e4ec2bf) Importer(815301076,1909f56bfc062723c751e8b465ee728b)  -> (artifact id: '3d792f8be4042030e5f94afb1fa80e78') in 0.004268 seconds 
  Import took 0.010421 seconds .

========================================================================
Received Import Request.
  Time since last request: 108.225999 seconds.
  path: Assets/Scripts/GAMESTATEEEEMANAGER.cs
  artifactKey: Guid(8117f7ee9ddefbc41a404e2a4e4ec2bf) Importer(815301076,1909f56bfc062723c751e8b465ee728b)
Start importing Assets/Scripts/GAMESTATEEEEMANAGER.cs using Guid(8117f7ee9ddefbc41a404e2a4e4ec2bf) Importer(815301076,1909f56bfc062723c751e8b465ee728b)  -> (artifact id: '87205cfe65d9ff87c91e6dd379b6bbb8') in 0.006871 seconds 
  Import took 0.017705 seconds .

========================================================================
Received Import Request.
  Time since last request: 830.572373 seconds.
  path: Assets/Scripts/GameStateManager.cs
  artifactKey: Guid(48b5221b9a371254b91d202306a0b628) Importer(815301076,1909f56bfc062723c751e8b465ee728b)
Start importing Assets/Scripts/GameStateManager.cs using Guid(48b5221b9a371254b91d202306a0b628) Importer(815301076,1909f56bfc062723c751e8b465ee728b)  -> (artifact id: 'cc636fcf387e184aab4a26cef6052a7a') in 0.005705 seconds 
  Import took 0.016141 seconds .

========================================================================
Received Import Request.
  Time since last request: 0.011080 seconds.
  path: Assets/Scripts/GameStateManager.cs
  artifactKey: Guid(48b5221b9a371254b91d202306a0b628) Importer(815301076,1909f56bfc062723c751e8b465ee728b)
Start importing Assets/Scripts/GameStateManager.cs using Guid(48b5221b9a371254b91d202306a0b628) Importer(815301076,1909f56bfc062723c751e8b465ee728b)  -> (artifact id: 'cc636fcf387e184aab4a26cef6052a7a') in 0.004398 seconds 
  Import took 0.011236 seconds .

========================================================================
Received Import Request.
  Time since last request: 28.794651 seconds.
  path: Assets/Scripts/GameStateManager
  artifactKey: Guid(491326e74b1fb1a428333fe3e73c95f1) Importer(815301076,1909f56bfc062723c751e8b465ee728b)
Start importing Assets/Scripts/GameStateManager using Guid(491326e74b1fb1a428333fe3e73c95f1) Importer(815301076,1909f56bfc062723c751e8b465ee728b)  -> (artifact id: '31c2825a314a5a8e0634a7188aa085e3') in 0.017937 seconds 
  Import took 0.025435 seconds .

========================================================================
Received Import Request.
  Time since last request: 342.497587 seconds.
  path: Assets/Scripts/GAMESTATEEEEMANAGER.cs
  artifactKey: Guid(8117f7ee9ddefbc41a404e2a4e4ec2bf) Importer(815301076,1909f56bfc062723c751e8b465ee728b)
Start importing Assets/Scripts/GAMESTATEEEEMANAGER.cs using Guid(8117f7ee9ddefbc41a404e2a4e4ec2bf) Importer(815301076,1909f56bfc062723c751e8b465ee728b)  -> (artifact id: '7ca6413114ddfa7d01e95693bc8147bb') in 0.004816 seconds 
  Import took 0.014136 seconds .

AssetImportWorkerClient::OnTransportError - code=2 error=End of file
